epoch = 0
time = 1.0000 MIN 3.4763 SEC, total time = 1.0000 Min 3.4764 SEC
training loss : 0.061747165624646175  train acc = 0.27410628019323674
val loss : 1.9182715498738818  val acc = 0.3036954402923584
============================
epoch = 1
time = 1.0000 MIN 2.1040 SEC, total time = 2.0000 Min 5.7927 SEC
training loss : 0.05476078924925431  train acc = 0.37091787439613527
val loss : 1.651488842235671  val acc = 0.409722238779068
============================
epoch = 2
time = 1.0000 MIN 2.6311 SEC, total time = 3.0000 Min 8.6430 SEC
training loss : 0.05008322608010762  train acc = 0.42966604019083415
val loss : 1.5497014936473634  val acc = 0.4721602499485016
============================
epoch = 3
time = 1.0000 MIN 2.9842 SEC, total time = 4.0000 Min 11.8581 SEC
training loss : 0.04610197489636223  train acc = 0.47677320280257224
val loss : 1.4738088159097567  val acc = 0.4968377649784088
============================
epoch = 4
time = 1.0000 MIN 6.0398 SEC, total time = 5.0000 Min 18.1208 SEC
training loss : 0.04084643127082022  train acc = 0.5429185510231496
val loss : 1.3641591055525675  val acc = 0.5354042649269104
============================
epoch = 5
time = 1.0000 MIN 9.4815 SEC, total time = 6.0000 Min 27.8061 SEC
training loss : 0.03603486701250863  train acc = 0.6039534499834929
val loss : 1.3632646120256848  val acc = 0.5417907238006592
============================
epoch = 6
time = 1.0000 MIN 10.4845 SEC, total time = 7.0000 Min 38.5100 SEC
training loss : 0.03361086517097925  train acc = 0.6299116413534753
val loss : 1.248444923096233  val acc = 0.5827133059501648
============================
epoch = 7
time = 1.0000 MIN 12.2310 SEC, total time = 8.0000 Min 50.9584 SEC
training loss : 0.031091346579580757  train acc = 0.6561280403674065
val loss : 1.1847634174757533  val acc = 0.597470223903656
============================
epoch = 8
time = 1.0000 MIN 12.4182 SEC, total time = 10.0000 Min 3.6144 SEC
training loss : 0.029519615147154822  train acc = 0.6767976278724982
val loss : 1.1064479781521692  val acc = 0.635292649269104
============================
epoch = 9
time = 1.0000 MIN 13.9910 SEC, total time = 11.0000 Min 17.8181 SEC
training loss : 0.027405271105112056  train acc = 0.6999202521550906
val loss : 1.0679815610249836  val acc = 0.6401289701461792
============================
epoch = 10
time = 1.0000 MIN 17.5337 SEC, total time = 12.0000 Min 35.5592 SEC
training loss : 0.024995592316514513  train acc = 0.7247363408698105
val loss : 1.1019212669796414  val acc = 0.6309523582458496
============================
epoch = 11
time = 1.0000 MIN 17.2485 SEC, total time = 13.0000 Min 52.8080 SEC
training loss : 0.02419382919801655  train acc = 0.7371964329773361
val loss : 1.0163870255152385  val acc = 0.663876473903656
============================
epoch = 12
time = 1.0000 MIN 18.7963 SEC, total time = 15.0000 Min 11.8128 SEC
training loss : 0.023097215443906475  train acc = 0.7468837887573349
val loss : 0.9764227329028977  val acc = 0.674355149269104
============================
epoch = 13
time = 1.0000 MIN 20.4638 SEC, total time = 16.0000 Min 32.4977 SEC
training loss : 0.02202261237644176  train acc = 0.7588797117705041
val loss : 0.9426385383639071  val acc = 0.6925843358039856
============================
epoch = 14
time = 1.0000 MIN 23.2700 SEC, total time = 17.0000 Min 55.9836 SEC
training loss : 0.02059428663469253  train acc = 0.7763360026148063
val loss : 0.9802544274263911  val acc = 0.6757192611694336
============================
epoch = 15
time = 1.0000 MIN 23.1144 SEC, total time = 19.0000 Min 19.0982 SEC
training loss : 0.02019046649718623  train acc = 0.7795927645893547
val loss : 0.9658543335066901  val acc = 0.687313973903656
============================
epoch = 16
time = 1.0000 MIN 23.5143 SEC, total time = 20.0000 Min 42.6128 SEC
training loss : 0.01957804247520832  train acc = 0.7844425741292244
val loss : 0.940337385982275  val acc = 0.6891741156578064
============================
epoch = 17
time = 1.0000 MIN 25.8582 SEC, total time = 22.0000 Min 8.4712 SEC
training loss : 0.018451256247313287  train acc = 0.7971350066376462
val loss : 0.9041595181657208  val acc = 0.7031869888305664
============================
epoch = 18
time = 1.0000 MIN 24.7170 SEC, total time = 23.0000 Min 33.3901 SEC
training loss : 0.018148425955977158  train acc = 0.8007093979534183
val loss : 0.9204444910089175  val acc = 0.7011408805847168
============================
epoch = 19
time = 1.0000 MIN 26.1575 SEC, total time = 24.0000 Min 59.5479 SEC
training loss : 0.01762805981526395  train acc = 0.8041604025404228
val loss : 0.8944672379228804  val acc = 0.6979166865348816
============================
epoch = 20
time = 1.0000 MIN 25.5408 SEC, total time = 26.0000 Min 25.0889 SEC
training loss : 0.016833316568799536  train acc = 0.8138429241788095
val loss : 0.8476821949912442  val acc = 0.7165798544883728
============================
epoch = 21
time = 1.0000 MIN 26.9671 SEC, total time = 27.0000 Min 52.2757 SEC
training loss : 0.016533656834712484  train acc = 0.8173140620295092
val loss : 0.8581115061210262  val acc = 0.7087673544883728
============================
epoch = 22
time = 1.0000 MIN 27.3861 SEC, total time = 29.0000 Min 19.6621 SEC
training loss : 0.01603622534106263  train acc = 0.8224088795560222
val loss : 0.8596746441390779  val acc = 0.718377947807312
============================
epoch = 23
time = 1.0000 MIN 34.2209 SEC, total time = 30.0000 Min 54.0973 SEC
training loss : 0.015536023749801012  train acc = 0.8291694800810263
val loss : 0.8487875950005319  val acc = 0.709697425365448
============================
epoch = 24
time = 1.0000 MIN 28.0351 SEC, total time = 32.0000 Min 22.1326 SEC
training loss : 0.01523197198554554  train acc = 0.8312110458354457
val loss : 0.8950184608499209  val acc = 0.7105034589767456
============================
epoch = 25
time = 1.0000 MIN 30.8522 SEC, total time = 33.0000 Min 52.9850 SEC
training loss : 0.014851576195163405  train acc = 0.8345938173975557
val loss : 0.8540118436018626  val acc = 0.7200520634651184
============================
epoch = 26
time = 1.0000 MIN 31.3732 SEC, total time = 35.0000 Min 24.5791 SEC
training loss : 0.014393055722979222  train acc = 0.8411704135918998
val loss : 0.8128145254320569  val acc = 0.7296627163887024
============================
epoch = 27
time = 1.0000 MIN 30.7474 SEC, total time = 36.0000 Min 55.5408 SEC
training loss : 0.013965339245006017  train acc = 0.8448280814638209
val loss : 0.8468574339316951  val acc = 0.7278645634651184
============================
epoch = 28
time = 1.0000 MIN 32.9940 SEC, total time = 38.0000 Min 28.5350 SEC
training loss : 0.013942157353553582  train acc = 0.8475006981290143
val loss : 0.8208285164501932  val acc = 0.7348090410232544
============================
epoch = 29
time = 1.0000 MIN 31.8443 SEC, total time = 40.0000 Min 0.6003 SEC
training loss : 0.013595183150132398  train acc = 0.8476598865912489
val loss : 0.8147064718521304  val acc = 0.7366691827774048
============================
epoch = 30
time = 1.0000 MIN 32.5998 SEC, total time = 41.0000 Min 33.4222 SEC
training loss : 0.013170379059753714  train acc = 0.8523220848646843
val loss : 0.8125818814668391  val acc = 0.7387772798538208
============================
epoch = 31
time = 1.0000 MIN 33.2598 SEC, total time = 43.0000 Min 6.8885 SEC
training loss : 0.012809893129105038  train acc = 0.8577698040298095
val loss : 0.8404332184129291  val acc = 0.7378472089767456
============================
epoch = 32
time = 1.0000 MIN 35.3294 SEC, total time = 44.0000 Min 42.2182 SEC
training loss : 0.012640953131804415  train acc = 0.8585201253314052
val loss : 0.804413701304131  val acc = 0.7423115372657776
============================
epoch = 33
time = 1.0000 MIN 41.2532 SEC, total time = 46.0000 Min 23.6894 SEC
training loss : 0.012293408242790434  train acc = 0.8629231595916174
val loss : 0.7911709791256322  val acc = 0.733506977558136
============================
epoch = 34
time = 1.0000 MIN 34.3764 SEC, total time = 47.0000 Min 58.0660 SEC
training loss : 0.01214033629112448  train acc = 0.8639653470775305
val loss : 0.8097401512786746  val acc = 0.735615074634552
============================
epoch = 35
time = 1.0000 MIN 34.6923 SEC, total time = 49.0000 Min 32.7586 SEC
training loss : 0.011845837276076982  train acc = 0.8677697214196151
val loss : 0.7930745792885622  val acc = 0.7371652126312256
============================
epoch = 36
time = 1.0000 MIN 35.9182 SEC, total time = 51.0000 Min 8.6770 SEC
training loss : 0.011637240258283929  train acc = 0.870386220177597
val loss : 0.7844446825070513  val acc = 0.7444816827774048
============================
epoch = 37
time = 1.0000 MIN 36.4158 SEC, total time = 52.0000 Min 45.2965 SEC
training loss : 0.01130061555287889  train acc = 0.8728092138207311
val loss : 0.7999610058549378  val acc = 0.738467276096344
============================
epoch = 38
time = 1.0000 MIN 36.3131 SEC, total time = 54.0000 Min 21.6099 SEC
training loss : 0.011090752571706634  train acc = 0.8750364576428477
val loss : 0.8247308114336597  val acc = 0.7392733693122864
============================
epoch = 39
time = 1.0000 MIN 43.0577 SEC, total time = 56.0000 Min 4.6678 SEC
training loss : 0.010801095818532676  train acc = 0.8782374705684494
val loss : 0.7805451109177537  val acc = 0.7436755895614624
============================
epoch = 40
time = 1.0000 MIN 37.5318 SEC, total time = 57.0000 Min 42.1998 SEC
training loss : 0.010800173725427254  train acc = 0.880519752150383
val loss : 0.8267426747414801  val acc = 0.740947425365448
============================
epoch = 41
time = 1.0000 MIN 37.4216 SEC, total time = 59.0000 Min 19.6216 SEC
training loss : 0.010746670283018312  train acc = 0.8806474424451952
val loss : 0.7894737049937248  val acc = 0.7457837462425232
============================
epoch = 42
time = 1.0000 MIN 39.7071 SEC, total time = 60.0000 Min 59.5457 SEC
training loss : 0.010181295531723035  train acc = 0.8854797331965111
val loss : 0.7812444780849748  val acc = 0.7535962462425232
============================
epoch = 43
time = 1.0000 MIN 40.1983 SEC, total time = 62.0000 Min 39.9489 SEC
training loss : 0.010122327851807712  train acc = 0.8861623569416601
val loss : 0.8309544142749574  val acc = 0.7472718358039856
============================
epoch = 44
time = 1.0000 MIN 43.4181 SEC, total time = 64.0000 Min 23.3671 SEC
training loss : 0.010378993925011413  train acc = 0.8834665437032483
val loss : 0.847139650127954  val acc = 0.7411954402923584
============================
epoch = 45
time = 1.0000 MIN 39.3644 SEC, total time = 66.0000 Min 2.7318 SEC
training loss : 0.010110854474350416  train acc = 0.8868103913456844
val loss : 0.8055556097792255  val acc = 0.7493179440498352
============================
epoch = 46
time = 1.0000 MIN 41.6310 SEC, total time = 67.0000 Min 44.3631 SEC
training loss : 0.00968643545824165  train acc = 0.8905446557835355
val loss : 0.8095832473287979  val acc = 0.7532861828804016
============================
epoch = 47
time = 1.0000 MIN 45.3311 SEC, total time = 69.0000 Min 29.6945 SEC
training loss : 0.00953148987975226  train acc = 0.8932967170141056
val loss : 0.7948832681609524  val acc = 0.7610366940498352
============================
epoch = 48
time = 1.0000 MIN 41.1501 SEC, total time = 71.0000 Min 11.0670 SEC
training loss : 0.009533457420716866  train acc = 0.8926736346091185
val loss : 0.8005438554618094  val acc = 0.7545883059501648
============================
epoch = 49
time = 1.0000 MIN 40.8964 SEC, total time = 72.0000 Min 51.9636 SEC
training loss : 0.009306346487940117  train acc = 0.895651087228193
val loss : 0.8569776581393348  val acc = 0.748759925365448
============================
epoch = 50
time = 1.0000 MIN 42.0315 SEC, total time = 74.0000 Min 33.9955 SEC
training loss : 0.0077191507524770235  train acc = 0.9129939303852347
val loss : 0.7573108152589865  val acc = 0.766183078289032
============================
epoch = 51
time = 1.0000 MIN 48.7905 SEC, total time = 76.0000 Min 23.0056 SEC
training loss : 0.006963923176468953  train acc = 0.9216300185448327
val loss : 0.769311356668671  val acc = 0.7767236828804016
============================
epoch = 52
time = 1.0000 MIN 45.2173 SEC, total time = 78.0000 Min 8.4416 SEC
training loss : 0.006655519077924701  train acc = 0.9246222812551884
val loss : 0.7640198530215356  val acc = 0.7726934552192688
============================
epoch = 53
time = 1.0000 MIN 45.2701 SEC, total time = 79.0000 Min 53.7119 SEC
training loss : 0.006482976304016563  train acc = 0.9276426822600965
val loss : 0.787164743989706  val acc = 0.7744296193122864
============================
epoch = 54
time = 1.0000 MIN 46.2302 SEC, total time = 81.0000 Min 39.9424 SEC
training loss : 0.006505304566417996  train acc = 0.9266544030941937
val loss : 0.78089758194983  val acc = 0.7761657238006592
============================
epoch = 55
time = 1.0000 MIN 51.0702 SEC, total time = 83.0000 Min 31.0128 SEC
training loss : 0.006422364917886351  train acc = 0.9269346045831072
val loss : 0.7772069877634445  val acc = 0.7713913917541504
============================
epoch = 56
time = 1.0000 MIN 47.0023 SEC, total time = 85.0000 Min 18.0154 SEC
training loss : 0.0062338603560389595  train acc = 0.9291338582677166
val loss : 0.7901509143412113  val acc = 0.7697792649269104
============================
epoch = 57
time = 1.0000 MIN 46.9320 SEC, total time = 87.0000 Min 4.9477 SEC
training loss : 0.006299294965558069  train acc = 0.9282071675867877
val loss : 0.7937391630063454  val acc = 0.7749875783920288
============================
epoch = 58
time = 1.0000 MIN 46.9814 SEC, total time = 88.0000 Min 51.9294 SEC
training loss : 0.006110392409920431  train acc = 0.930954717510164
val loss : 0.8028466200662984  val acc = 0.7749875783920288
============================
epoch = 59
time = 1.0000 MIN 47.2811 SEC, total time = 90.0000 Min 39.2107 SEC
training loss : 0.006106084924993007  train acc = 0.932301019099368
val loss : 0.8085117461159825  val acc = 0.7749255895614624
============================
epoch = 60
time = 1.0000 MIN 47.4295 SEC, total time = 92.0000 Min 26.6405 SEC
training loss : 0.005990011701329617  train acc = 0.9325944514150286
val loss : 0.7998190440444483  val acc = 0.7785218358039856
============================
epoch = 61
time = 1.0000 MIN 46.6790 SEC, total time = 94.0000 Min 13.5352 SEC
training loss : 0.006003074340226154  train acc = 0.9324762593620943
val loss : 0.8163260625054439  val acc = 0.7754216194152832
============================
epoch = 62
time = 1.0000 MIN 47.2659 SEC, total time = 96.0000 Min 0.8014 SEC
training loss : 0.0059547135889856  train acc = 0.9328194858420268
val loss : 0.8224410847243335  val acc = 0.7736855149269104
============================
epoch = 63
time = 1.0000 MIN 47.3835 SEC, total time = 97.0000 Min 48.1851 SEC
training loss : 0.005904733444932577  train acc = 0.9327123592381482
val loss : 0.8142197332862351  val acc = 0.7741195559501648
============================
epoch = 64
time = 1.0000 MIN 47.1603 SEC, total time = 99.0000 Min 35.3457 SEC
training loss : 0.005881170992506668  train acc = 0.9346064814814815
val loss : 0.8372502401471138  val acc = 0.7753596305847168
============================
epoch = 65
time = 1.0000 MIN 47.1674 SEC, total time = 101.0000 Min 22.5134 SEC
training loss : 0.005787546789516847  train acc = 0.9353801304891027
val loss : 0.8365739645022485  val acc = 0.7784598469734192
============================
epoch = 66
time = 1.0000 MIN 46.7865 SEC, total time = 103.0000 Min 9.3002 SEC
training loss : 0.0058148981451036745  train acc = 0.9344709581945986
val loss : 0.8566164614425765  val acc = 0.7718874216079712
============================
epoch = 67
time = 1.0000 MIN 47.4534 SEC, total time = 104.0000 Min 56.7539 SEC
training loss : 0.005727311397917002  train acc = 0.9358407591713922
val loss : 0.8480247692722414  val acc = 0.7710813283920288
============================
epoch = 68
time = 1.0000 MIN 47.6721 SEC, total time = 106.0000 Min 44.4263 SEC
training loss : 0.00562396810450615  train acc = 0.9362717962911707
val loss : 0.8653347498426834  val acc = 0.7723214626312256
============================
epoch = 69
time = 1.0000 MIN 48.4683 SEC, total time = 108.0000 Min 32.8948 SEC
training loss : 0.0056347506158465855  train acc = 0.9368188715684922
val loss : 0.8577901493344042  val acc = 0.772011399269104
============================
epoch = 70
time = 1.0000 MIN 47.7215 SEC, total time = 110.0000 Min 20.6166 SEC
training loss : 0.005536898763395823  train acc = 0.938049836488416
val loss : 0.8677723607462313  val acc = 0.7767236828804016
============================
epoch = 71
time = 1.0000 MIN 52.7226 SEC, total time = 112.0000 Min 13.3394 SEC
training loss : 0.005685285299856274  train acc = 0.9357414972231147
val loss : 0.8452377194124792  val acc = 0.7684152126312256
============================
epoch = 72
time = 1.0000 MIN 47.7079 SEC, total time = 114.0000 Min 1.0476 SEC
training loss : 0.005522970313607474  train acc = 0.9374597330878969
val loss : 0.8483715188793011  val acc = 0.7726934552192688
============================
epoch = 73
time = 1.0000 MIN 48.0046 SEC, total time = 115.0000 Min 49.0524 SEC
training loss : 0.005473982123054995  train acc = 0.9394635839213072
val loss : 0.8622185620996687  val acc = 0.7728174328804016
============================
epoch = 74
time = 1.0000 MIN 53.0350 SEC, total time = 117.0000 Min 42.0877 SEC
training loss : 0.0053258464753330615  train acc = 0.9408666178087212
val loss : 0.8609989772861203  val acc = 0.7687872052192688
============================
epoch = 75
time = 1.0000 MIN 48.0128 SEC, total time = 119.0000 Min 30.1007 SEC
training loss : 0.00517872636390749  train acc = 0.9423627821702761
val loss : 0.8558544628839526  val acc = 0.7731274962425232
============================
epoch = 76
time = 1.0000 MIN 48.1529 SEC, total time = 121.0000 Min 18.2539 SEC
training loss : 0.00523097372661933  train acc = 0.9414474287285728
val loss : 0.8619640519221624  val acc = 0.7718254327774048
============================
epoch = 77
time = 1.0000 MIN 48.3023 SEC, total time = 123.0000 Min 6.5565 SEC
training loss : 0.005146680589590501  train acc = 0.9414266117969822
val loss : 0.8515487035943402  val acc = 0.7705233693122864
============================
epoch = 78
time = 1.0000 MIN 51.3337 SEC, total time = 124.0000 Min 57.8905 SEC
training loss : 0.005171149736480771  train acc = 0.9421254977344501
val loss : 0.8551446572980947  val acc = 0.7744916081428528
============================
epoch = 79
time = 1.0000 MIN 49.1183 SEC, total time = 126.0000 Min 47.0090 SEC
training loss : 0.005118458555257145  train acc = 0.9436561793131811
val loss : 0.8532878916917576  val acc = 0.7714533805847168
============================
epoch = 80
time = 1.0000 MIN 48.5291 SEC, total time = 128.0000 Min 35.5384 SEC
training loss : 0.00513707432210785  train acc = 0.9418993901040951
val loss : 0.8617621414984266  val acc = 0.7749255895614624
============================
epoch = 81
time = 1.0000 MIN 48.6360 SEC, total time = 130.0000 Min 24.1746 SEC
training loss : 0.005084923822104405  train acc = 0.9433836996336996
val loss : 0.8502513708339797  val acc = 0.7775917649269104
============================
epoch = 82
time = 1.0000 MIN 48.2352 SEC, total time = 132.0000 Min 12.4101 SEC
training loss : 0.005122463288750531  train acc = 0.9431009631883593
val loss : 0.8507192806444235  val acc = 0.7727554440498352
============================
epoch = 83
time = 1.0000 MIN 48.2648 SEC, total time = 134.0000 Min 0.6752 SEC
training loss : 0.005010727512803087  train acc = 0.9445219419607126
val loss : 0.8642176337954071  val acc = 0.7749875783920288
============================
epoch = 84
time = 1.0000 MIN 48.3258 SEC, total time = 135.0000 Min 49.0013 SEC
training loss : 0.005100031680535837  train acc = 0.9433073387152103
val loss : 0.8606251292965479  val acc = 0.773251473903656
============================
epoch = 85
time = 1.0000 MIN 48.4499 SEC, total time = 137.0000 Min 37.4516 SEC
training loss : 0.005097761445437015  train acc = 0.9431046700345167
val loss : 0.8586950420091549  val acc = 0.7758556604385376
============================
epoch = 86
time = 1.0000 MIN 48.4172 SEC, total time = 139.0000 Min 25.8690 SEC
training loss : 0.005016711779322624  train acc = 0.944386077105792
val loss : 0.869698367598984  val acc = 0.7758556604385376
============================
epoch = 87
time = 1.0000 MIN 56.8559 SEC, total time = 141.0000 Min 22.7252 SEC
training loss : 0.005104762868430589  train acc = 0.9422621217644914
val loss : 0.8705950177585086  val acc = 0.7753596305847168
============================
epoch = 88
time = 1.0000 MIN 59.0802 SEC, total time = 143.0000 Min 21.8057 SEC
training loss : 0.005026026986708173  train acc = 0.9428519387081351
val loss : 0.8604739533944262  val acc = 0.7740575671195984
============================
epoch = 89
time = 1.0000 MIN 49.0528 SEC, total time = 145.0000 Min 10.8588 SEC
training loss : 0.004964520470153291  train acc = 0.9448453843694331
val loss : 0.8730121280791031  val acc = 0.7744916081428528
============================
epoch = 90
time = 1.0000 MIN 53.7057 SEC, total time = 147.0000 Min 4.5648 SEC
training loss : 0.005028063017153676  train acc = 0.9436969807534434
val loss : 0.8564461200601525  val acc = 0.776289701461792
============================
epoch = 91
time = 1.0000 MIN 49.2122 SEC, total time = 148.0000 Min 53.7772 SEC
training loss : 0.005018378245336315  train acc = 0.9440682217205919
val loss : 0.8651580398695337  val acc = 0.7788938283920288
============================
epoch = 92
time = 1.0000 MIN 54.7095 SEC, total time = 150.0000 Min 48.7065 SEC
training loss : 0.0050292902270091195  train acc = 0.9430470510573399
val loss : 0.8761249838603867  val acc = 0.776289701461792
============================
epoch = 93
time = 1.0000 MIN 49.5500 SEC, total time = 152.0000 Min 38.2567 SEC
training loss : 0.004999084025045424  train acc = 0.9434383471149684
val loss : 0.869621996457378  val acc = 0.7745535969734192
============================
epoch = 94
time = 1.0000 MIN 49.2493 SEC, total time = 154.0000 Min 27.5063 SEC
training loss : 0.005030989436995228  train acc = 0.9437720797720798
val loss : 0.8675561167506708  val acc = 0.7797619104385376
============================
epoch = 95
time = 1.0000 MIN 48.9502 SEC, total time = 156.0000 Min 16.6688 SEC
training loss : 0.005028454211179656  train acc = 0.9440736268993325
val loss : 0.8832748809622394  val acc = 0.7784598469734192
============================
epoch = 96
time = 1.0000 MIN 48.4046 SEC, total time = 158.0000 Min 5.0736 SEC
training loss : 0.004938447306238524  train acc = 0.9451615106194086
val loss : 0.8647352835784355  val acc = 0.7767236828804016
============================
epoch = 97
time = 1.0000 MIN 48.5801 SEC, total time = 159.0000 Min 53.6540 SEC
training loss : 0.004954328536753056  train acc = 0.9447244202221057
val loss : 0.8836227452589406  val acc = 0.7770957350730896
============================
epoch = 98
time = 1.0000 MIN 48.5988 SEC, total time = 161.0000 Min 42.2530 SEC
training loss : 0.005006911229188414  train acc = 0.9438202247191011
val loss : 0.8794816430244181  val acc = 0.7792658805847168
============================
epoch = 99
time = 1.0000 MIN 48.0014 SEC, total time = 163.0000 Min 30.2546 SEC
training loss : 0.004946041795320693  train acc = 0.9443025853814235
val loss : 0.8740174036679996  val acc = 0.7801339626312256
============================
