epoch = 0
time = 1.0000 MIN 24.0476 SEC, total time = 1.0000 Min 24.0476 SEC
training loss : 0.00889000578203063  train acc = 0.1514975845410628
val loss : 2.1721671422322593  val acc = 0.22831927239894867
============================
epoch = 1
time = 0.0000 MIN 40.5403 SEC, total time = 2.0000 Min 4.6021 SEC
training loss : 0.008229550808524165  train acc = 0.2366183574879227
val loss : 1.995501438776652  val acc = 0.28700947761535645
============================
epoch = 2
time = 0.0000 MIN 34.8861 SEC, total time = 2.0000 Min 39.4950 SEC
training loss : 0.007625428351803102  train acc = 0.2931400966183575
val loss : 1.861855811542935  val acc = 0.33482831716537476
============================
epoch = 3
time = 0.0000 MIN 45.5706 SEC, total time = 3.0000 Min 25.0681 SEC
training loss : 0.00728634764606826  train acc = 0.32705314009661834
val loss : 1.7893260187572904  val acc = 0.35524141788482666
============================
epoch = 4
time = 0.0000 MIN 41.0581 SEC, total time = 4.0000 Min 6.1373 SEC
training loss : 0.006992674887468273  train acc = 0.35584541062801933
val loss : 1.7519798278808594  val acc = 0.3730916380882263
============================
epoch = 5
time = 0.0000 MIN 40.6234 SEC, total time = 4.0000 Min 46.7673 SEC
training loss : 0.006803178343795924  train acc = 0.3759903381642512
val loss : 1.7004364199108548  val acc = 0.38743525743484497
============================
epoch = 6
time = 0.0000 MIN 36.1722 SEC, total time = 5.0000 Min 22.9446 SEC
training loss : 0.006651475579266387  train acc = 0.3942995169082126
val loss : 1.6857547097735934  val acc = 0.40318426489830017
============================
epoch = 7
time = 0.0000 MIN 42.0587 SEC, total time = 6.0000 Min 5.0111 SEC
training loss : 0.006533026182709109  train acc = 0.4051690821256039
val loss : 1.6537840233908758  val acc = 0.4122988283634186
============================
epoch = 8
time = 0.0000 MIN 45.2007 SEC, total time = 6.0000 Min 50.2374 SEC
training loss : 0.006405186912287837  train acc = 0.41497584541062804
val loss : 1.5960147910647922  val acc = 0.43311840295791626
============================
epoch = 9
time = 0.0000 MIN 40.4506 SEC, total time = 7.0000 Min 30.7101 SEC
training loss : 0.006299369035711611  train acc = 0.428743961352657
val loss : 1.5757309330834284  val acc = 0.44446510076522827
============================
epoch = 10
time = 1.0000 MIN 8.5897 SEC, total time = 8.0000 Min 39.3339 SEC
training loss : 0.006123129695294851  train acc = 0.4436626506024096
val loss : 1.5435386763678656  val acc = 0.4587949216365814
============================
epoch = 11
time = 0.0000 MIN 45.0477 SEC, total time = 9.0000 Min 24.3868 SEC
training loss : 0.006010232368147517  train acc = 0.45619277108433737
val loss : 1.5429341130786471  val acc = 0.4648644030094147
============================
epoch = 12
time = 0.0000 MIN 38.2043 SEC, total time = 10.0000 Min 2.6083 SEC
training loss : 0.006138191734451845  train acc = 0.4463614457831325
val loss : 1.5377830002042983  val acc = 0.460503488779068
============================
epoch = 13
time = 0.0000 MIN 36.0014 SEC, total time = 10.0000 Min 38.6131 SEC
training loss : 0.005926766493234289  train acc = 0.4643855421686747
val loss : 1.5016153785917494  val acc = 0.4731867015361786
============================
epoch = 14
time = 0.0000 MIN 40.3620 SEC, total time = 11.0000 Min 19.0012 SEC
training loss : 0.005892964207982443  train acc = 0.4646746987951807
val loss : 1.51379042201572  val acc = 0.4701003134250641
============================
epoch = 15
time = 0.0000 MIN 42.7753 SEC, total time = 12.0000 Min 1.7768 SEC
training loss : 0.0057993274309548985  train acc = 0.47489156626506024
val loss : 1.5121433734893799  val acc = 0.47314539551734924
============================
epoch = 16
time = 0.0000 MIN 40.7620 SEC, total time = 12.0000 Min 42.5404 SEC
training loss : 0.005819124049450977  train acc = 0.4713734939759036
val loss : 1.5493445926242404  val acc = 0.4492049813270569
============================
epoch = 17
time = 0.0000 MIN 37.7536 SEC, total time = 13.0000 Min 20.2973 SEC
training loss : 0.005798778895872185  train acc = 0.4738313253012048
val loss : 1.5128904845979478  val acc = 0.4674823582172394
============================
epoch = 18
time = 0.0000 MIN 35.3009 SEC, total time = 13.0000 Min 55.6001 SEC
training loss : 0.0057481305283236216  train acc = 0.4815421686746988
val loss : 1.4803457260131836  val acc = 0.4760802686214447
============================
epoch = 19
time = 0.0000 MIN 40.6609 SEC, total time = 14.0000 Min 36.2693 SEC
training loss : 0.005610120463084026  train acc = 0.49426506024096384
val loss : 1.4857971800698175  val acc = 0.48748207092285156
============================
epoch = 20
time = 1.0000 MIN 11.0914 SEC, total time = 15.0000 Min 47.3692 SEC
training loss : 0.005521742145603066  train acc = 0.4858423109924683
val loss : 1.4844500753614638  val acc = 0.48785412311553955
============================
epoch = 21
time = 0.0000 MIN 35.5693 SEC, total time = 16.0000 Min 22.9454 SEC
training loss : 0.005427946954815003  train acc = 0.5063876441986843
val loss : 1.4601458973354764  val acc = 0.502328634262085
============================
epoch = 22
time = 0.0000 MIN 45.6604 SEC, total time = 17.0000 Min 8.6121 SEC
training loss : 0.005404389123919354  train acc = 0.5003336829059014
val loss : 1.4630085229873657  val acc = 0.4883088171482086
============================
epoch = 23
time = 0.0000 MIN 42.4898 SEC, total time = 17.0000 Min 51.1064 SEC
training loss : 0.005360309031389498  train acc = 0.5081037277147488
val loss : 1.4426224099265204  val acc = 0.4879229962825775
============================
epoch = 24
time = 0.0000 MIN 38.6719 SEC, total time = 18.0000 Min 29.7961 SEC
training loss : 0.005335227824198483  train acc = 0.5093907903517971
val loss : 1.4497623443603516  val acc = 0.4913538992404938
============================
epoch = 25
time = 0.0000 MIN 33.2726 SEC, total time = 19.0000 Min 3.0714 SEC
training loss : 0.005353611938968629  train acc = 0.5045285537229478
val loss : 1.408719367451138  val acc = 0.5161693096160889
============================
epoch = 26
time = 0.0000 MIN 41.5877 SEC, total time = 19.0000 Min 44.6639 SEC
training loss : 0.0053297652963210426  train acc = 0.5088664314996664
val loss : 1.4272819360097249  val acc = 0.5144055485725403
============================
epoch = 27
time = 0.0000 MIN 43.9309 SEC, total time = 20.0000 Min 28.6078 SEC
training loss : 0.005259271543829943  train acc = 0.5152064067117933
val loss : 1.4513791004816692  val acc = 0.5053116679191589
============================
epoch = 28
time = 0.0000 MIN 39.4354 SEC, total time = 21.0000 Min 8.0435 SEC
training loss : 0.0052546368721318164  train acc = 0.5194012775288397
val loss : 1.3934501541985407  val acc = 0.5205302238464355
============================
epoch = 29
time = 0.0000 MIN 29.4494 SEC, total time = 21.0000 Min 37.4967 SEC
training loss : 0.005160737775258357  train acc = 0.5269806463914577
val loss : 1.3909757402208116  val acc = 0.5144607424736023
============================
epoch = 30
time = 1.0000 MIN 12.4130 SEC, total time = 22.0000 Min 49.9145 SEC
training loss : 0.005213218315049692  train acc = 0.5334666285823099
val loss : 1.398916204770406  val acc = 0.5113673806190491
============================
epoch = 31
time = 0.0000 MIN 42.6680 SEC, total time = 23.0000 Min 32.5866 SEC
training loss : 0.005202654655872044  train acc = 0.5337046558126249
val loss : 1.3939143816630046  val acc = 0.513117253780365
============================
epoch = 32
time = 0.0000 MIN 35.7020 SEC, total time = 24.0000 Min 8.3060 SEC
training loss : 0.005194938138565722  train acc = 0.5339902884890031
val loss : 1.420099483595954  val acc = 0.4983603060245514
============================
epoch = 33
time = 0.0000 MIN 33.1665 SEC, total time = 24.0000 Min 41.4735 SEC
training loss : 0.0051438501423045156  train acc = 0.538465200418928
val loss : 1.3768199814690485  val acc = 0.5270406603813171
============================
epoch = 34
time = 0.0000 MIN 41.3048 SEC, total time = 25.0000 Min 22.7861 SEC
training loss : 0.00507241346762769  train acc = 0.5453679900980672
val loss : 1.3955292966630723  val acc = 0.523988664150238
============================
epoch = 35
time = 0.0000 MIN 39.3525 SEC, total time = 26.0000 Min 2.1407 SEC
training loss : 0.0051342018170662295  train acc = 0.5423212415500334
val loss : 1.4092212385601468  val acc = 0.512249231338501
============================
epoch = 36
time = 0.0000 MIN 40.2022 SEC, total time = 26.0000 Min 42.3483 SEC
training loss : 0.005072079027855634  train acc = 0.5473674188327144
val loss : 1.3759436342451308  val acc = 0.5135651230812073
============================
epoch = 37
time = 0.0000 MIN 38.7927 SEC, total time = 27.0000 Min 21.1423 SEC
training loss : 0.005056935929575614  train acc = 0.5491288203370466
val loss : 1.3869809044731989  val acc = 0.5210055708885193
============================
epoch = 38
time = 0.0000 MIN 42.9476 SEC, total time = 28.0000 Min 4.0953 SEC
training loss : 0.004940102375723868  train acc = 0.5576978006283919
val loss : 1.339611291885376  val acc = 0.5375055074691772
============================
epoch = 39
time = 0.0000 MIN 42.4381 SEC, total time = 28.0000 Min 46.5384 SEC
training loss : 0.0050015909597100295  train acc = 0.5544130248500428
val loss : 1.34865140914917  val acc = 0.5274677872657776
============================
epoch = 40
time = 1.0000 MIN 14.3823 SEC, total time = 30.0000 Min 0.9229 SEC
training loss : 0.004858981897711274  train acc = 0.5569785921286342
val loss : 1.3705819050470989  val acc = 0.5179329514503479
============================
epoch = 41
time = 0.0000 MIN 46.3053 SEC, total time = 30.0000 Min 47.2332 SEC
training loss : 0.004847359833365636  train acc = 0.5611853790782463
val loss : 1.3441190719604492  val acc = 0.5300995111465454
============================
epoch = 42
time = 0.0000 MIN 38.7601 SEC, total time = 31.0000 Min 25.9993 SEC
training loss : 0.004822905758803076  train acc = 0.5601103113022343
val loss : 1.3834992117351956  val acc = 0.5231550335884094
============================
epoch = 43
time = 0.0000 MIN 42.2905 SEC, total time = 32.0000 Min 8.2947 SEC
training loss : 0.004832523770897123  train acc = 0.5601103113022343
val loss : 1.3413598537445068  val acc = 0.5392072200775146
============================
epoch = 44
time = 0.0000 MIN 36.0695 SEC, total time = 32.0000 Min 44.3673 SEC
training loss : 0.004792543157212164  train acc = 0.5646910348695896
val loss : 1.3279292318556044  val acc = 0.53924161195755
============================
epoch = 45
time = 0.0000 MIN 42.9256 SEC, total time = 33.0000 Min 27.3033 SEC
training loss : 0.004770623753870315  train acc = 0.5658128447228195
val loss : 1.3398693667517767  val acc = 0.5300995111465454
============================
epoch = 46
time = 0.0000 MIN 43.0444 SEC, total time = 34.0000 Min 10.3703 SEC
training loss : 0.0047709378637174945  train acc = 0.567168364962139
val loss : 1.3460702101389568  val acc = 0.5357556343078613
============================
epoch = 47
time = 0.0000 MIN 39.0468 SEC, total time = 34.0000 Min 49.4218 SEC
training loss : 0.004763907569139218  train acc = 0.5694119846685987
val loss : 1.3172164625591702  val acc = 0.5483768582344055
============================
epoch = 48
time = 0.0000 MIN 35.8096 SEC, total time = 35.0000 Min 25.2399 SEC
training loss : 0.0047424923674886646  train acc = 0.5706740207534823
val loss : 1.3140753110249836  val acc = 0.5392278432846069
============================
epoch = 49
time = 0.0000 MIN 46.2001 SEC, total time = 36.0000 Min 11.4433 SEC
training loss : 0.004725084551541707  train acc = 0.5732448350004674
val loss : 1.341404570473565  val acc = 0.547935962677002
============================
epoch = 50
time = 1.0000 MIN 15.2848 SEC, total time = 37.0000 Min 26.7316 SEC
training loss : 0.0045081982886669  train acc = 0.5867961863644541
val loss : 1.323653472794427  val acc = 0.5422660708427429
============================
epoch = 51
time = 0.0000 MIN 36.0286 SEC, total time = 38.0000 Min 2.7613 SEC
training loss : 0.004491773268627078  train acc = 0.5927774779636625
val loss : 1.330478138393826  val acc = 0.5357969403266907
============================
epoch = 52
time = 0.0000 MIN 46.9979 SEC, total time = 38.0000 Min 49.7694 SEC
training loss : 0.004529321664399135  train acc = 0.5899892066918511
val loss : 1.3176368474960327  val acc = 0.5453524589538574
============================
epoch = 53
time = 0.0000 MIN 48.1455 SEC, total time = 39.0000 Min 37.9201 SEC
training loss : 0.004506130436916835  train acc = 0.5899442345745638
val loss : 1.3244848516252306  val acc = 0.5474399328231812
============================
epoch = 54
time = 0.0000 MIN 42.2815 SEC, total time = 40.0000 Min 20.2055 SEC
training loss : 0.004539713885398579  train acc = 0.5884601547040834
val loss : 1.2958837217754788  val acc = 0.550967276096344
============================
epoch = 55
time = 0.0000 MIN 39.1672 SEC, total time = 40.0000 Min 59.3805 SEC
training loss : 0.004513720834849228  train acc = 0.5908436769203094
val loss : 1.341838624742296  val acc = 0.5432098507881165
============================
epoch = 56
time = 0.0000 MIN 46.0582 SEC, total time = 41.0000 Min 45.4436 SEC
training loss : 0.004456958526929391  train acc = 0.5968699406368052
val loss : 1.2883655230204265  val acc = 0.5631613731384277
============================
epoch = 57
time = 0.0000 MIN 44.5029 SEC, total time = 42.0000 Min 29.9531 SEC
training loss : 0.004413989469888807  train acc = 0.5981741320381364
val loss : 1.310002287228902  val acc = 0.5565958619117737
============================
epoch = 58
time = 0.0000 MIN 37.1652 SEC, total time = 43.0000 Min 7.1199 SEC
training loss : 0.004458161500165479  train acc = 0.5948012232415902
val loss : 1.3131707111994426  val acc = 0.5557622313499451
============================
epoch = 59
time = 0.0000 MIN 43.0228 SEC, total time = 43.0000 Min 50.1454 SEC
training loss : 0.004396529868580194  train acc = 0.5999280446123404
val loss : 1.3225171830919054  val acc = 0.5513530969619751
============================
epoch = 60
time = 1.0000 MIN 20.9879 SEC, total time = 45.0000 Min 11.1376 SEC
training loss : 0.0044610072482715955  train acc = 0.5928636363636364
val loss : 1.3045612573623657  val acc = 0.5566578507423401
============================
epoch = 61
time = 0.0000 MIN 35.6320 SEC, total time = 45.0000 Min 46.7743 SEC
training loss : 0.004493472359397194  train acc = 0.5917272727272728
val loss : 1.30021157529619  val acc = 0.5570781230926514
============================
epoch = 62
time = 0.0000 MIN 36.9926 SEC, total time = 46.0000 Min 23.7673 SEC
training loss : 0.004461928351358934  train acc = 0.5926363636363636
val loss : 1.2698831955591838  val acc = 0.5640569925308228
============================
epoch = 63
time = 0.0000 MIN 43.6428 SEC, total time = 47.0000 Min 7.4282 SEC
training loss : 0.004457182819193059  train acc = 0.5925
val loss : 1.2915380663341947  val acc = 0.5509535074234009
============================
epoch = 64
time = 0.0000 MIN 42.2819 SEC, total time = 47.0000 Min 49.7178 SEC
training loss : 0.004487804402004589  train acc = 0.5899090909090909
val loss : 1.2869667344623141  val acc = 0.551470160484314
============================
epoch = 65
time = 0.0000 MIN 42.7294 SEC, total time = 48.0000 Min 32.4504 SEC
training loss : 0.004393054466355931  train acc = 0.5984090909090909
val loss : 1.268272837003072  val acc = 0.565717339515686
============================
epoch = 66
time = 0.0000 MIN 38.6906 SEC, total time = 49.0000 Min 11.1449 SEC
training loss : 0.004396606304428794  train acc = 0.5970454545454545
val loss : 1.2908304002549913  val acc = 0.5562238097190857
============================
epoch = 67
time = 0.0000 MIN 47.0235 SEC, total time = 49.0000 Min 58.1687 SEC
training loss : 0.004395924069664695  train acc = 0.598909090909091
val loss : 1.3074816995196872  val acc = 0.5553351044654846
============================
epoch = 68
time = 0.0000 MIN 42.5133 SEC, total time = 50.0000 Min 40.6861 SEC
training loss : 0.004402547503059561  train acc = 0.5985909090909091
val loss : 1.2800844377941556  val acc = 0.5622382164001465
============================
epoch = 69
time = 0.0000 MIN 38.3470 SEC, total time = 51.0000 Min 19.0342 SEC
training loss : 0.004340670826760205  train acc = 0.602909090909091
val loss : 1.320816781785753  val acc = 0.5552662014961243
============================
epoch = 70
time = 1.0000 MIN 16.8805 SEC, total time = 52.0000 Min 35.9185 SEC
training loss : 0.004364128093868313  train acc = 0.609354679582044
val loss : 1.2929583258099027  val acc = 0.5588142275810242
============================
epoch = 71
time = 0.0000 MIN 46.5046 SEC, total time = 53.0000 Min 22.4301 SEC
training loss : 0.00437018873873428  train acc = 0.6107448764518588
val loss : 1.283586925930447  val acc = 0.5718281865119934
============================
epoch = 72
time = 0.0000 MIN 38.0460 SEC, total time = 54.0000 Min 0.4829 SEC
training loss : 0.004315819228260531  train acc = 0.6168886497152338
val loss : 1.283781819873386  val acc = 0.5640500783920288
============================
epoch = 73
time = 0.0000 MIN 38.1280 SEC, total time = 54.0000 Min 38.6143 SEC
training loss : 0.004315983028100517  train acc = 0.6156778330866856
val loss : 1.3143946727116902  val acc = 0.5574501156806946
============================
epoch = 74
time = 0.0000 MIN 40.0625 SEC, total time = 55.0000 Min 18.6796 SEC
training loss : 0.00432406147957233  train acc = 0.6156329880263689
val loss : 1.260277854071723  val acc = 0.5618317723274231
============================
epoch = 75
time = 0.0000 MIN 42.3352 SEC, total time = 56.0000 Min 1.0234 SEC
training loss : 0.004329106955684575  train acc = 0.6177407058612494
val loss : 1.289377490679423  val acc = 0.5661651492118835
============================
epoch = 76
time = 0.0000 MIN 42.6282 SEC, total time = 56.0000 Min 43.6527 SEC
training loss : 0.004274124128678769  train acc = 0.6145567065787704
val loss : 1.2543437216016982  val acc = 0.5700920224189758
============================
epoch = 77
time = 0.0000 MIN 39.2039 SEC, total time = 57.0000 Min 22.8611 SEC
training loss : 0.004256465065195409  train acc = 0.6212386205659447
val loss : 1.249609602822198  val acc = 0.5809978246688843
============================
epoch = 78
time = 0.0000 MIN 43.9677 SEC, total time = 58.0000 Min 6.8380 SEC
training loss : 0.004305407912096393  train acc = 0.6185479169469483
val loss : 1.2706848250495062  val acc = 0.5652764439582825
============================
epoch = 79
time = 0.0000 MIN 46.5122 SEC, total time = 58.0000 Min 53.3505 SEC
training loss : 0.0042528177549007295  train acc = 0.6186376070675815
val loss : 1.2611167828241985  val acc = 0.5639467835426331
============================
epoch = 80
time = 1.0000 MIN 9.2052 SEC, total time = 60.0000 Min 2.5592 SEC
training loss : 0.004177612717711171  train acc = 0.6282450674974039
val loss : 1.2692282994588215  val acc = 0.5670400857925415
============================
epoch = 81
time = 0.0000 MIN 49.5957 SEC, total time = 60.0000 Min 52.1554 SEC
training loss : 0.004104501952366583  train acc = 0.6330910349601938
val loss : 1.2692801687452528  val acc = 0.5622313618659973
============================
epoch = 82
time = 0.0000 MIN 47.3826 SEC, total time = 61.0000 Min 39.5390 SEC
training loss : 0.004106585033090934  train acc = 0.6366389754240221
val loss : 1.2679293023215399  val acc = 0.5709256529808044
============================
epoch = 83
time = 0.0000 MIN 37.6383 SEC, total time = 62.0000 Min 17.1867 SEC
training loss : 0.0040832941545132905  train acc = 0.6362062997577016
val loss : 1.2753026220533583  val acc = 0.5692170858383179
============================
epoch = 84
time = 0.0000 MIN 36.8862 SEC, total time = 62.0000 Min 54.0783 SEC
training loss : 0.004094283020735695  train acc = 0.6348217376254759
val loss : 1.2513813575108845  val acc = 0.5770364999771118
============================
epoch = 85
time = 0.0000 MIN 45.2863 SEC, total time = 63.0000 Min 39.3689 SEC
training loss : 0.00409085584134534  train acc = 0.6313603322949117
val loss : 1.2504046493106418  val acc = 0.580081582069397
============================
epoch = 86
time = 0.0000 MIN 43.0110 SEC, total time = 64.0000 Min 22.3828 SEC
training loss : 0.004135038413548395  train acc = 0.6264710972654898
val loss : 1.2854310539033678  val acc = 0.5592138171195984
============================
epoch = 87
time = 0.0000 MIN 43.5524 SEC, total time = 65.0000 Min 5.9385 SEC
training loss : 0.004133116070912263  train acc = 0.6335237106265144
val loss : 1.2834172778659396  val acc = 0.557009220123291
============================
epoch = 88
time = 0.0000 MIN 41.3991 SEC, total time = 65.0000 Min 47.3426 SEC
training loss : 0.004088971308664947  train acc = 0.6350380754586362
val loss : 1.2540202803081937  val acc = 0.5657311081886292
============================
epoch = 89
time = 0.0000 MIN 47.4699 SEC, total time = 66.0000 Min 34.8171 SEC
training loss : 0.004071105164551496  train acc = 0.6354274835583247
val loss : 1.2385882669024997  val acc = 0.5826857686042786
============================
epoch = 90
time = 1.0000 MIN 17.4724 SEC, total time = 67.0000 Min 52.3418 SEC
training loss : 0.004097962790088067  train acc = 0.6295367559720206
val loss : 1.2860262526406183  val acc = 0.5470059514045715
============================
epoch = 91
time = 0.0000 MIN 41.2151 SEC, total time = 68.0000 Min 33.5598 SEC
training loss : 0.004067910275558513  train acc = 0.630372618890502
val loss : 1.266035755475362  val acc = 0.5665647387504578
============================
epoch = 92
time = 0.0000 MIN 41.3252 SEC, total time = 69.0000 Min 14.8920 SEC
training loss : 0.004109877575288682  train acc = 0.6281289868461573
val loss : 1.224977069430881  val acc = 0.5835537910461426
============================
epoch = 93
time = 0.0000 MIN 47.0516 SEC, total time = 70.0000 Min 1.9610 SEC
training loss : 0.004106191713314586  train acc = 0.6265452465795609
val loss : 1.264454378022088  val acc = 0.572262167930603
============================
epoch = 94
time = 0.0000 MIN 39.6085 SEC, total time = 70.0000 Min 41.5739 SEC
training loss : 0.004079196798277512  train acc = 0.6298447054683032
val loss : 1.2498152918285794  val acc = 0.5709738731384277
============================
epoch = 95
time = 0.0000 MIN 43.3871 SEC, total time = 71.0000 Min 24.9624 SEC
training loss : 0.004067772965399537  train acc = 0.6326602437200299
val loss : 1.2424987687004938  val acc = 0.5787863731384277
============================
epoch = 96
time = 0.0000 MIN 51.3591 SEC, total time = 72.0000 Min 16.3220 SEC
training loss : 0.0040580750896226795  train acc = 0.6327042365052131
val loss : 1.2892290751139324  val acc = 0.5675016641616821
============================
epoch = 97
time = 0.0000 MIN 44.3324 SEC, total time = 73.0000 Min 0.6590 SEC
training loss : 0.0040680679469011875  train acc = 0.6290528353350051
val loss : 1.2213536500930786  val acc = 0.5879078507423401
============================
epoch = 98
time = 0.0000 MIN 36.5744 SEC, total time = 73.0000 Min 37.2402 SEC
training loss : 0.004040282011021616  train acc = 0.6333201354977783
val loss : 1.2556232346428766  val acc = 0.5796544551849365
============================
epoch = 99
time = 0.0000 MIN 45.2316 SEC, total time = 74.0000 Min 22.4750 SEC
training loss : 0.004071119187620909  train acc = 0.6295367559720206
val loss : 1.2521146800782945  val acc = 0.5844011902809143
============================
