epoch = 0
time = 0.0000 MIN 17.4740 SEC, total time = 0.0000 Min 17.4741 SEC
training loss : 0.12785656095126977  train acc = 0.23845410628019323
val loss : 1.8480313072601955  val acc = 0.30888310074806213
============================
epoch = 1
time = 0.0000 MIN 17.4790 SEC, total time = 0.0000 Min 34.9608 SEC
training loss : 0.11323328099964898  train acc = 0.34449275362318843
val loss : 1.6907424653569858  val acc = 0.3848379850387573
============================
epoch = 2
time = 0.0000 MIN 17.3383 SEC, total time = 0.0000 Min 52.3066 SEC
training loss : 0.10297808110138068  train acc = 0.4116425120772947
val loss : 1.5589026680423155  val acc = 0.4385127127170563
============================
epoch = 3
time = 0.0000 MIN 17.1672 SEC, total time = 1.0000 Min 9.4814 SEC
training loss : 0.0960924827390247  train acc = 0.4607246376811594
val loss : 1.4915730204019282  val acc = 0.49363428354263306
============================
epoch = 4
time = 0.0000 MIN 17.2295 SEC, total time = 1.0000 Min 26.7182 SEC
training loss : 0.09046611053356227  train acc = 0.49033816425120774
val loss : 1.3525633319384522  val acc = 0.5261863470077515
============================
epoch = 5
time = 0.0000 MIN 17.1821 SEC, total time = 1.0000 Min 43.9076 SEC
training loss : 0.08711154720921448  train acc = 0.5131884057971015
val loss : 1.3328762186898127  val acc = 0.5510705709457397
============================
epoch = 6
time = 0.0000 MIN 17.1075 SEC, total time = 2.0000 Min 1.0227 SEC
training loss : 0.08339221184092444  train acc = 0.535024154589372
val loss : 1.2514773400293455  val acc = 0.5708912014961243
============================
epoch = 7
time = 0.0000 MIN 17.0224 SEC, total time = 2.0000 Min 18.0523 SEC
training loss : 0.0810935179522072  train acc = 0.5498550724637681
val loss : 1.2711275753875573  val acc = 0.5711805820465088
============================
epoch = 8
time = 0.0000 MIN 17.0001 SEC, total time = 2.0000 Min 35.0597 SEC
training loss : 0.07829383849521766  train acc = 0.5638647342995169
val loss : 1.2178928719626532  val acc = 0.5940393209457397
============================
epoch = 9
time = 0.0000 MIN 17.0202 SEC, total time = 2.0000 Min 52.0872 SEC
training loss : 0.07589157254799553  train acc = 0.5806763285024155
val loss : 1.1726636447840266  val acc = 0.6070601940155029
============================
epoch = 10
time = 0.0000 MIN 17.0499 SEC, total time = 3.0000 Min 9.1444 SEC
training loss : 0.07410126615693603  train acc = 0.5888405797101449
val loss : 1.1241088613039918  val acc = 0.6257233619689941
============================
epoch = 11
time = 0.0000 MIN 16.9847 SEC, total time = 3.0000 Min 26.1363 SEC
training loss : 0.07213305383488752  train acc = 0.6007729468599033
val loss : 1.1810622235967054  val acc = 0.5995370745658875
============================
epoch = 12
time = 0.0000 MIN 16.9527 SEC, total time = 3.0000 Min 43.0892 SEC
training loss : 0.07053152062322783  train acc = 0.6136714975845411
val loss : 1.1257407375507884  val acc = 0.6225405335426331
============================
epoch = 13
time = 0.0000 MIN 17.1979 SEC, total time = 4.0000 Min 0.2873 SEC
training loss : 0.06946354884456321  train acc = 0.6190338164251208
val loss : 1.0999308365086715  val acc = 0.6345486044883728
============================
epoch = 14
time = 0.0000 MIN 17.2890 SEC, total time = 4.0000 Min 17.5846 SEC
training loss : 0.06754194385763528  train acc = 0.6281159420289855
val loss : 1.1145254286626975  val acc = 0.6348379254341125
============================
epoch = 15
time = 0.0000 MIN 16.9709 SEC, total time = 4.0000 Min 34.5628 SEC
training loss : 0.061038252080696215  train acc = 0.6621256038647343
val loss : 1.0018680178456836  val acc = 0.6725983619689941
============================
epoch = 16
time = 0.0000 MIN 16.9519 SEC, total time = 4.0000 Min 51.5219 SEC
training loss : 0.058705597409015695  train acc = 0.6770048309178744
val loss : 1.0034703564726644  val acc = 0.6734664440155029
============================
epoch = 17
time = 0.0000 MIN 16.9334 SEC, total time = 5.0000 Min 8.4626 SEC
training loss : 0.057766382608580705  train acc = 0.6823188405797102
val loss : 0.9805268665982617  val acc = 0.6825810074806213
============================
epoch = 18
time = 0.0000 MIN 16.9780 SEC, total time = 5.0000 Min 25.4479 SEC
training loss : 0.056765196408338596  train acc = 0.6891304347826087
val loss : 0.9787871713439623  val acc = 0.6841724514961243
============================
epoch = 19
time = 0.0000 MIN 17.0117 SEC, total time = 5.0000 Min 42.4670 SEC
training loss : 0.05621642917682583  train acc = 0.6889371980676329
val loss : 0.9830556035869651  val acc = 0.6793981790542603
============================
epoch = 20
time = 0.0000 MIN 16.9934 SEC, total time = 5.0000 Min 59.4607 SEC
training loss : 0.05578917035949979  train acc = 0.6918840579710145
val loss : 0.974338131542835  val acc = 0.6843171119689941
============================
epoch = 21
time = 0.0000 MIN 16.9400 SEC, total time = 6.0000 Min 16.4081 SEC
training loss : 0.055455730149999334  train acc = 0.6919806763285025
val loss : 0.9660603774504529  val acc = 0.6860532164573669
============================
epoch = 22
time = 0.0000 MIN 16.9452 SEC, total time = 6.0000 Min 33.3604 SEC
training loss : 0.05517564914580705  train acc = 0.6957487922705314
val loss : 0.9698411449790001  val acc = 0.6908275485038757
============================
epoch = 23
time = 0.0000 MIN 16.8998 SEC, total time = 6.0000 Min 50.2674 SEC
training loss : 0.05472923683515493  train acc = 0.6975845410628019
val loss : 0.9732218589633703  val acc = 0.6863425970077515
============================
epoch = 24
time = 0.0000 MIN 17.1674 SEC, total time = 7.0000 Min 7.4351 SEC
training loss : 0.054294276287878196  train acc = 0.7008212560386473
val loss : 0.9730583100269238  val acc = 0.6869212985038757
============================
epoch = 25
time = 0.0000 MIN 17.3435 SEC, total time = 7.0000 Min 24.7789 SEC
training loss : 0.053631570822230856  train acc = 0.703719806763285
val loss : 0.9704825488022633  val acc = 0.6919849514961243
============================
epoch = 26
time = 0.0000 MIN 17.5372 SEC, total time = 7.0000 Min 42.3238 SEC
training loss : 0.053421079711493666  train acc = 0.7043478260869566
val loss : 0.9581784713599417  val acc = 0.6928530335426331
============================
epoch = 27
time = 0.0000 MIN 17.4701 SEC, total time = 7.0000 Min 59.8014 SEC
training loss : 0.053227895879083206  train acc = 0.7093236714975846
val loss : 0.9619151339348819  val acc = 0.6941550970077515
============================
epoch = 28
time = 0.0000 MIN 17.2367 SEC, total time = 8.0000 Min 17.0456 SEC
training loss : 0.053144140127632356  train acc = 0.7069565217391305
val loss : 0.9618293431897958  val acc = 0.6937211155891418
============================
epoch = 29
time = 0.0000 MIN 17.4725 SEC, total time = 8.0000 Min 34.5183 SEC
training loss : 0.052788122851347576  train acc = 0.7057487922705314
val loss : 0.9546872907214694  val acc = 0.6928530335426331
============================
