epoch = 0
time = 1.0000 MIN 16.4738 SEC, total time = 1.0000 Min 16.4738 SEC
training loss : 0.06441853927529377  train acc = 0.2785024154589372
val loss : 1.9265251656373341  val acc = 0.3173363208770752
============================
epoch = 1
time = 1.0000 MIN 16.6688 SEC, total time = 2.0000 Min 33.5108 SEC
training loss : 0.05757804687472357  train acc = 0.34642512077294685
val loss : 3.7245901740259595  val acc = 0.3252108097076416
============================
epoch = 2
time = 1.0000 MIN 16.4522 SEC, total time = 3.0000 Min 50.3311 SEC
training loss : 0.05440811304078586  train acc = 0.3834782608695652
val loss : 1.6512391716241837  val acc = 0.4056919813156128
============================
epoch = 3
time = 1.0000 MIN 16.3718 SEC, total time = 5.0000 Min 7.0411 SEC
training loss : 0.05173669297338108  train acc = 0.41603864734299517
val loss : 1.59291782312923  val acc = 0.4382440447807312
============================
epoch = 4
time = 1.0000 MIN 16.3683 SEC, total time = 6.0000 Min 23.7461 SEC
training loss : 0.0490068753272439  train acc = 0.4441062801932367
val loss : 1.6659656431939867  val acc = 0.4732142984867096
============================
epoch = 5
time = 1.0000 MIN 16.4765 SEC, total time = 7.0000 Min 40.5647 SEC
training loss : 0.046753371619947866  train acc = 0.47159420289855075
val loss : 1.5346348898278341  val acc = 0.484995037317276
============================
epoch = 6
time = 1.0000 MIN 16.4232 SEC, total time = 8.0000 Min 57.3280 SEC
training loss : 0.04523192192333332  train acc = 0.4905797101449275
val loss : 1.4175214990973473  val acc = 0.504092276096344
============================
epoch = 7
time = 1.0000 MIN 16.3293 SEC, total time = 10.0000 Min 13.9818 SEC
training loss : 0.04327184713405111  train acc = 0.5123188405797101
val loss : 1.3508769530389044  val acc = 0.5342262387275696
============================
epoch = 8
time = 1.0000 MIN 16.6260 SEC, total time = 11.0000 Min 30.9438 SEC
training loss : 0.04171575715000503  train acc = 0.532608695652174
val loss : 1.3137586986025174  val acc = 0.5409846305847168
============================
epoch = 9
time = 1.0000 MIN 17.1170 SEC, total time = 12.0000 Min 48.4040 SEC
training loss : 0.04018726145011791  train acc = 0.5510628019323671
val loss : 1.295978379746278  val acc = 0.5536954402923584
============================
epoch = 10
time = 1.0000 MIN 17.0696 SEC, total time = 14.0000 Min 5.8075 SEC
training loss : 0.0388477845698739  train acc = 0.5659420289855073
val loss : 1.2691073740522067  val acc = 0.564980149269104
============================
epoch = 11
time = 1.0000 MIN 16.8750 SEC, total time = 15.0000 Min 23.0272 SEC
training loss : 0.03740617550225649  train acc = 0.585024154589372
val loss : 1.2290523664818869  val acc = 0.5840773582458496
============================
epoch = 12
time = 1.0000 MIN 16.8167 SEC, total time = 16.0000 Min 40.1771 SEC
training loss : 0.03652927660423776  train acc = 0.5964251207729468
val loss : 1.1921340144342847  val acc = 0.5975322127342224
============================
epoch = 13
time = 1.0000 MIN 16.1441 SEC, total time = 17.0000 Min 56.6540 SEC
training loss : 0.035293555063901895  train acc = 0.6036231884057971
val loss : 1.2096392917964194  val acc = 0.5887277126312256
============================
epoch = 14
time = 1.0000 MIN 15.6864 SEC, total time = 19.0000 Min 12.3407 SEC
training loss : 0.034097153147061667  train acc = 0.6234299516908213
val loss : 1.1704406100842688  val acc = 0.5941840410232544
============================
epoch = 15
time = 1.0000 MIN 15.6666 SEC, total time = 20.0000 Min 28.0076 SEC
training loss : 0.0331310951076268  train acc = 0.6301449275362319
val loss : 1.2586619133750598  val acc = 0.5987103581428528
============================
epoch = 16
time = 1.0000 MIN 15.9674 SEC, total time = 21.0000 Min 44.3347 SEC
training loss : 0.032651746651688636  train acc = 0.636231884057971
val loss : 1.2473847245176632  val acc = 0.5918278694152832
============================
epoch = 17
time = 1.0000 MIN 15.4706 SEC, total time = 22.0000 Min 59.8056 SEC
training loss : 0.031809407132835206  train acc = 0.6443961352657005
val loss : 1.1522494893934991  val acc = 0.6148933172225952
============================
epoch = 18
time = 1.0000 MIN 15.4829 SEC, total time = 24.0000 Min 15.6178 SEC
training loss : 0.031032418705127088  train acc = 0.6561352657004831
val loss : 1.1702910231219397  val acc = 0.6078869104385376
============================
epoch = 19
time = 1.0000 MIN 15.7577 SEC, total time = 25.0000 Min 31.3757 SEC
training loss : 0.029973593224649844  train acc = 0.67
val loss : 1.1537409375111263  val acc = 0.617745578289032
============================
epoch = 20
time = 1.0000 MIN 15.4872 SEC, total time = 26.0000 Min 47.1937 SEC
training loss : 0.02636804628631343  train acc = 0.7085990338164251
val loss : 1.0355889399846394  val acc = 0.6462673544883728
============================
epoch = 21
time = 1.0000 MIN 15.4087 SEC, total time = 28.0000 Min 2.9368 SEC
training loss : 0.02509413843713521  train acc = 0.7218840579710145
val loss : 1.0289137288928032  val acc = 0.6576140522956848
============================
epoch = 22
time = 1.0000 MIN 16.0737 SEC, total time = 29.0000 Min 19.3378 SEC
training loss : 0.02429832134845752  train acc = 0.7297584541062802
val loss : 1.0422225048144658  val acc = 0.6633804440498352
============================
epoch = 23
time = 1.0000 MIN 16.5598 SEC, total time = 30.0000 Min 36.2476 SEC
training loss : 0.023876977984743995  train acc = 0.7317391304347826
val loss : 1.0456786925594013  val acc = 0.6664186716079712
============================
epoch = 24
time = 1.0000 MIN 16.5755 SEC, total time = 31.0000 Min 53.1728 SEC
training loss : 0.023418615322182142  train acc = 0.7394202898550725
val loss : 1.0470211323764589  val acc = 0.6607763171195984
============================
epoch = 25
time = 1.0000 MIN 16.8267 SEC, total time = 33.0000 Min 9.9997 SEC
training loss : 0.02294899834094992  train acc = 0.7438647342995169
val loss : 1.0432245764467452  val acc = 0.664620578289032
============================
epoch = 26
time = 1.0000 MIN 16.8678 SEC, total time = 34.0000 Min 26.8679 SEC
training loss : 0.02267120699663669  train acc = 0.7463768115942029
val loss : 1.0504444167017937  val acc = 0.6651166081428528
============================
epoch = 27
time = 1.0000 MIN 16.8474 SEC, total time = 35.0000 Min 43.7155 SEC
training loss : 0.022239256085117082  train acc = 0.7528019323671498
val loss : 1.0647086029251416  val acc = 0.6620163917541504
============================
epoch = 28
time = 1.0000 MIN 14.9552 SEC, total time = 36.0000 Min 58.6710 SEC
training loss : 0.021958331386536217  train acc = 0.7542512077294686
val loss : 1.0756671345896192  val acc = 0.6637524962425232
============================
epoch = 29
time = 1.0000 MIN 14.8438 SEC, total time = 38.0000 Min 13.5151 SEC
training loss : 0.021690461644227953  train acc = 0.7569565217391304
val loss : 1.0835773828956816  val acc = 0.6697668433189392
============================
epoch = 30
time = 1.0000 MIN 14.8461 SEC, total time = 39.0000 Min 28.6990 SEC
training loss : 0.02124213633617917  train acc = 0.7606280193236715
val loss : 1.0977026133073702  val acc = 0.6628844738006592
============================
epoch = 31
time = 1.0000 MIN 14.7561 SEC, total time = 40.0000 Min 43.4554 SEC
training loss : 0.02089299769649183  train acc = 0.7694685990338165
val loss : 1.0899216193291876  val acc = 0.6633184552192688
============================
epoch = 32
time = 1.0000 MIN 14.6754 SEC, total time = 41.0000 Min 58.1311 SEC
training loss : 0.02063230006231202  train acc = 0.7723671497584541
val loss : 1.0941377547052171  val acc = 0.6589782238006592
============================
epoch = 33
time = 1.0000 MIN 14.5670 SEC, total time = 43.0000 Min 12.6984 SEC
training loss : 0.020500898559888205  train acc = 0.7714975845410628
val loss : 1.1023856889870431  val acc = 0.6680307388305664
============================
epoch = 34
time = 1.0000 MIN 14.7054 SEC, total time = 44.0000 Min 27.4040 SEC
training loss : 0.020350511675871513  train acc = 0.7721256038647343
val loss : 1.1193169264329805  val acc = 0.6668527126312256
============================
epoch = 35
time = 1.0000 MIN 14.9339 SEC, total time = 45.0000 Min 42.3381 SEC
training loss : 0.020040426299623822  train acc = 0.7771497584541063
val loss : 1.1004005140728421  val acc = 0.6729291081428528
============================
epoch = 36
time = 1.0000 MIN 14.6587 SEC, total time = 46.0000 Min 57.3325 SEC
training loss : 0.01959530557051373  train acc = 0.7805314009661836
val loss : 1.0967080468932788  val acc = 0.668154776096344
============================
epoch = 37
time = 1.0000 MIN 14.6459 SEC, total time = 48.0000 Min 11.9787 SEC
training loss : 0.019596096414730743  train acc = 0.783816425120773
val loss : 1.1057369452383783  val acc = 0.6668527126312256
============================
epoch = 38
time = 1.0000 MIN 14.9601 SEC, total time = 49.0000 Min 26.9391 SEC
training loss : 0.01897439432100973  train acc = 0.7860869565217391
val loss : 1.1375759873125288  val acc = 0.664248526096344
============================
epoch = 39
time = 1.0000 MIN 15.2312 SEC, total time = 50.0000 Min 42.1706 SEC
training loss : 0.018861309514529464  train acc = 0.7903864734299517
val loss : 1.1321734363834064  val acc = 0.6659846305847168
============================
epoch = 40
time = 1.0000 MIN 15.1545 SEC, total time = 51.0000 Min 57.3253 SEC
training loss : 0.01847945278249501  train acc = 0.7914492753623188
val loss : 1.1494407173660066  val acc = 0.6638144850730896
============================
epoch = 41
time = 1.0000 MIN 15.1357 SEC, total time = 53.0000 Min 12.4612 SEC
training loss : 0.017845960725908695  train acc = 0.8019323671497585
val loss : 1.1335904233985477  val acc = 0.6659846305847168
============================
epoch = 42
time = 1.0000 MIN 15.3674 SEC, total time = 54.0000 Min 27.8288 SEC
training loss : 0.017772930432920872  train acc = 0.8014492753623188
val loss : 1.1151657700538635  val acc = 0.6698908805847168
============================
epoch = 43
time = 1.0000 MIN 15.2047 SEC, total time = 55.0000 Min 43.0338 SEC
training loss : 0.017705510137737662  train acc = 0.8017874396135266
val loss : 1.1307818070054054  val acc = 0.6655505895614624
============================
epoch = 44
time = 1.0000 MIN 15.7887 SEC, total time = 56.0000 Min 58.8227 SEC
training loss : 0.01759796381788553  train acc = 0.8057971014492754
val loss : 1.1621538392371602  val acc = 0.6612103581428528
============================
epoch = 45
time = 1.0000 MIN 16.0752 SEC, total time = 58.0000 Min 14.8981 SEC
training loss : 0.017455079723239522  train acc = 0.8076328502415459
val loss : 1.158053365846475  val acc = 0.6659846305847168
============================
epoch = 46
time = 1.0000 MIN 16.1738 SEC, total time = 59.0000 Min 31.0722 SEC
training loss : 0.017561981694565878  train acc = 0.8071497584541063
val loss : 1.1628623124625947  val acc = 0.664248526096344
============================
epoch = 47
time = 1.0000 MIN 16.6020 SEC, total time = 60.0000 Min 47.6745 SEC
training loss : 0.017387816020544025  train acc = 0.806328502415459
val loss : 1.153016195529037  val acc = 0.6664186716079712
============================
epoch = 48
time = 1.0000 MIN 15.1457 SEC, total time = 62.0000 Min 2.8204 SEC
training loss : 0.017284222330160186  train acc = 0.8079710144927537
val loss : 1.161426951487859  val acc = 0.668154776096344
============================
epoch = 49
time = 1.0000 MIN 15.0318 SEC, total time = 63.0000 Min 17.8525 SEC
training loss : 0.0172958283227135  train acc = 0.8071497584541063
val loss : 1.1641795800791845  val acc = 0.6672866940498352
============================
epoch = 50
time = 1.0000 MIN 16.3399 SEC, total time = 64.0000 Min 34.1927 SEC
training loss : 0.01725740555907793  train acc = 0.8064251207729468
val loss : 1.1839243090815015  val acc = 0.6612103581428528
============================
epoch = 51
time = 1.0000 MIN 16.4694 SEC, total time = 65.0000 Min 50.6624 SEC
training loss : 0.017154577519150747  train acc = 0.8077294685990338
val loss : 1.1553857061598036  val acc = 0.6685888171195984
============================
epoch = 52
time = 1.0000 MIN 16.4175 SEC, total time = 67.0000 Min 7.0801 SEC
training loss : 0.01715782233554384  train acc = 0.8091304347826087
val loss : 1.1605278982056513  val acc = 0.668154776096344
============================
epoch = 53
time = 1.0000 MIN 16.4848 SEC, total time = 68.0000 Min 23.5652 SEC
training loss : 0.017372408947650936  train acc = 0.8083091787439614
val loss : 1.1586498866478603  val acc = 0.6633804440498352
============================
epoch = 54
time = 1.0000 MIN 16.8837 SEC, total time = 69.0000 Min 40.4491 SEC
training loss : 0.017271793962676744  train acc = 0.8088405797101449
val loss : 1.1833026765121355  val acc = 0.656436026096344
============================
epoch = 55
time = 1.0000 MIN 16.6125 SEC, total time = 70.0000 Min 57.0619 SEC
training loss : 0.017007287033802068  train acc = 0.8105797101449276
val loss : 1.163513195183542  val acc = 0.6668527126312256
============================
epoch = 56
time = 1.0000 MIN 16.4625 SEC, total time = 72.0000 Min 13.5246 SEC
training loss : 0.017334185905646587  train acc = 0.8055072463768116
val loss : 1.1538961405555408  val acc = 0.6659846305847168
============================
epoch = 57
time = 1.0000 MIN 18.3562 SEC, total time = 73.0000 Min 31.8811 SEC
training loss : 0.016978193886470105  train acc = 0.8088888888888889
val loss : 1.1482818159792159  val acc = 0.6668527126312256
============================
epoch = 58
time = 1.0000 MIN 18.3990 SEC, total time = 74.0000 Min 50.2803 SEC
training loss : 0.01689320452907235  train acc = 0.811304347826087
val loss : 1.1568506980935733  val acc = 0.6685888171195984
============================
epoch = 59
time = 1.0000 MIN 20.4477 SEC, total time = 76.0000 Min 10.7282 SEC
training loss : 0.016860566522908096  train acc = 0.8142028985507246
val loss : 1.1577980539037123  val acc = 0.6694568395614624
============================
